<?xml version="1.0" encoding="UTF-8"?><testsuite errors="0" failures="1" name="Academy Choucair" skipped="0" tests="1" time="36.27" timestamp="2022-09-23 10:11:37"><testcase name="search for a automation course"><failure message="Expected enabled element was not enabled" type="net.thucydides.core.webdriver.exceptions.ElementShouldBeEnabledException">Expected enabled element was not enabled</failure><system-err>Expected enabled element was not enabled&#13;
co.com.choucair.certification.proyectobase.tasks.Search.performAs(Search.java:25)&#13;
co.com.choucair.certification.proyectobase.stepdefinitions.ChoucairAcademyStepDefintions.heSearchForTheCourseRecursosAutomatizacionBancolombiaOnTheChoucairAcademyPlatPlatform(ChoucairAcademyStepDefintions.java:31)&#13;
cucumber.runner.Runner.runPickle(Runner.java:80)&#13;
worker.org.gradle.process.internal.worker.GradleWorkerMain.run(GradleWorkerMain.java:69)&#13;
worker.org.gradle.process.internal.worker.GradleWorkerMain.main(GradleWorkerMain.java:74)&#13;
</system-err></testcase></testsuite>